2025-03-30 10:54:09,543 - CRITICAL - Knowledge base error: [Errno 2] No such file or directory: 'laws.json'
2025-03-30 10:55:21,958 - CRITICAL - Knowledge base error: [Errno 2] No such file or directory: 'cyber_laws_knowledge_base.json'
2025-03-30 10:56:27,266 - ERROR - Processing error: 
**********************************************************************
  Resource [93mpunkt_tab[0m not found.
  Please use the NLTK Downloader to obtain the resource:

  [31m>>> import nltk
  >>> nltk.download('punkt_tab')
  [0m
  For more information see: https://www.nltk.org/data.html

  Attempted to load [93mtokenizers/punkt_tab/english/[0m

  Searched in:
    - 'C:\\Users\\Suganth/nltk_data'
    - 'D:\\git\\project\\.venv\\nltk_data'
    - 'D:\\git\\project\\.venv\\share\\nltk_data'
    - 'D:\\git\\project\\.venv\\lib\\nltk_data'
    - 'C:\\Users\\Suganth\\AppData\\Roaming\\nltk_data'
    - 'C:\\nltk_data'
    - 'D:\\nltk_data'
    - 'E:\\nltk_data'
**********************************************************************

2025-03-30 10:56:33,338 - ERROR - Processing error: 
**********************************************************************
  Resource [93mpunkt_tab[0m not found.
  Please use the NLTK Downloader to obtain the resource:

  [31m>>> import nltk
  >>> nltk.download('punkt_tab')
  [0m
  For more information see: https://www.nltk.org/data.html

  Attempted to load [93mtokenizers/punkt_tab/english/[0m

  Searched in:
    - 'C:\\Users\\Suganth/nltk_data'
    - 'D:\\git\\project\\.venv\\nltk_data'
    - 'D:\\git\\project\\.venv\\share\\nltk_data'
    - 'D:\\git\\project\\.venv\\lib\\nltk_data'
    - 'C:\\Users\\Suganth\\AppData\\Roaming\\nltk_data'
    - 'C:\\nltk_data'
    - 'D:\\nltk_data'
    - 'E:\\nltk_data'
**********************************************************************

2025-03-30 10:56:36,638 - ERROR - Processing error: 
**********************************************************************
  Resource [93mpunkt_tab[0m not found.
  Please use the NLTK Downloader to obtain the resource:

  [31m>>> import nltk
  >>> nltk.download('punkt_tab')
  [0m
  For more information see: https://www.nltk.org/data.html

  Attempted to load [93mtokenizers/punkt_tab/english/[0m

  Searched in:
    - 'C:\\Users\\Suganth/nltk_data'
    - 'D:\\git\\project\\.venv\\nltk_data'
    - 'D:\\git\\project\\.venv\\share\\nltk_data'
    - 'D:\\git\\project\\.venv\\lib\\nltk_data'
    - 'C:\\Users\\Suganth\\AppData\\Roaming\\nltk_data'
    - 'C:\\nltk_data'
    - 'D:\\nltk_data'
    - 'E:\\nltk_data'
**********************************************************************

2025-03-30 10:56:41,962 - ERROR - Processing error: 
**********************************************************************
  Resource [93mpunkt_tab[0m not found.
  Please use the NLTK Downloader to obtain the resource:

  [31m>>> import nltk
  >>> nltk.download('punkt_tab')
  [0m
  For more information see: https://www.nltk.org/data.html

  Attempted to load [93mtokenizers/punkt_tab/english/[0m

  Searched in:
    - 'C:\\Users\\Suganth/nltk_data'
    - 'D:\\git\\project\\.venv\\nltk_data'
    - 'D:\\git\\project\\.venv\\share\\nltk_data'
    - 'D:\\git\\project\\.venv\\lib\\nltk_data'
    - 'C:\\Users\\Suganth\\AppData\\Roaming\\nltk_data'
    - 'C:\\nltk_data'
    - 'D:\\nltk_data'
    - 'E:\\nltk_data'
**********************************************************************

